1
11
12345
123456
12345678
123456789
pass123
qwerty
1234
111111
dragon
123123
123+
baseball
abc123
football
monkey
letmein
696969
shadow
master
666666
mustang
1234567890
michael
654321
pussy
superman
1qaz2wsx
7777777
121212
000000
qazwsx
123qwe
killer
trustnol
jordan
jennifer
zxcvbnm
asdfgh
hunter
buster
soccer
starwars
klaster
112233
george
asshole
computer
michelle
jessica
pepper
1111
zxcvbn
555555
11111111
131313
freedom
777777
pass
fuck
maggie
159753
aaaaaa
aaaaaaaa
ginger
princess
cheese
summer
love
6969
biteme
access
987654321
dallas
austin
thunder
